(4_w,8)-aCMA-ES (mu_w=2.6,w_1=52%) in dimension 5 (seed=1, Fri May 16 10:15:08 2025)
Iterat #Fevals   function value  axis ratio  sigma  min&max std  t[m:s]
    1      8 2.325600000000000e+03 1.0e+00 2.66e-01  3e-01  3e-01 0:00.1
    2     16 5.000000000000000e+02 1.4e+00 2.98e-01  3e-01  3e-01 0:00.1
    3     24 4.940000000000000e+02 1.9e+00 2.84e-01  2e-01  3e-01 0:00.1
   21    168 5.000000000000000e+02 5.2e+00 3.31e-01  1e-01  2e-01 0:00.3
termination on tolflatfitness=1 (Fri May 16 10:15:09 2025)
final/bestever f-value = 5.000000e+02 4.916000e+02 after 169/133 evaluations
incumbent solution: [np.float64(0.9386043382115833), np.float64(0.4709626937078244), np.float64(0.021843081221268063), np.float64(0.08102816430804718), np.float64(0.762698209132451)]
std deviation: [np.float64(0.11381074980822264), np.float64(0.16939636259325588), np.float64(0.16367624473251036), np.float64(0.16040018865761171), np.float64(0.1613583735768437)]
(8_w,17)-aCMA-ES (mu_w=5.1,w_1=31%) in dimension 5 (seed=2, Fri May 16 10:15:09 2025)
Iterat #Fevals   function value  axis ratio  sigma  min&max std  t[m:s]
    1    186 8.475057748298548e+03 1.0e+00 3.08e-01  3e-01  3e-01 0:00.0
    2    203 4.896000000000000e+02 1.6e+00 3.94e-01  3e-01  3e-01 0:00.1
    3    220 4.796000000000000e+02 2.3e+00 4.79e-01  3e-01  3e-01 0:00.1
   43    900 2.581013129065898e-01 6.8e+00 3.59e-01  4e-02  2e-01 0:03.5
   49   1002 8.824878693388435e-02 7.5e+00 4.69e-01  4e-02  3e-01 0:08.5
   54   1087 9.617630872022816e-02 6.3e+00 2.83e-01  1e-02  1e-01 0:13.7
   60   1189 8.416980346273165e-02 7.0e+00 1.91e-01  5e-03  5e-02 0:20.6
   67   1308 8.418139050710841e-02 9.1e+00 1.10e-01  2e-03  2e-02 0:28.4
   74   1427 8.351225112529577e-02 1.6e+01 6.47e-02  8e-04  9e-03 0:36.5
   82   1563 8.358871398859830e-02 2.1e+01 3.87e-02  3e-04  4e-03 0:46.7
[stop]
