(4_w,8)-aCMA-ES (mu_w=2.6,w_1=52%) in dimension 5 (seed=1, Fri May 16 11:18:59 2025)
Iterat #Fevals   function value  axis ratio  sigma  min&max std  t[m:s]
    1      8 2.325600000000000e+03 1.0e+00 2.66e-01  3e-01  3e-01 0:00.0
    2     16 5.000000000000000e+02 1.4e+00 2.98e-01  3e-01  3e-01 0:00.0
    3     24 4.940000000000000e+02 1.9e+00 2.84e-01  2e-01  3e-01 0:00.0
   21    168 5.000000000000000e+02 5.2e+00 3.31e-01  1e-01  2e-01 0:00.2
termination on tolflatfitness=1 (Fri May 16 11:18:59 2025)
final/bestever f-value = 5.000000e+02 4.916000e+02 after 169/133 evaluations
incumbent solution: [np.float64(0.9386043382115833), np.float64(0.4709626937078244), np.float64(0.021843081221268063), np.float64(0.08102816430804718), np.float64(0.762698209132451)]
std deviation: [np.float64(0.11381074980822264), np.float64(0.16939636259325588), np.float64(0.16367624473251036), np.float64(0.16040018865761171), np.float64(0.1613583735768437)]
(8_w,17)-aCMA-ES (mu_w=5.1,w_1=31%) in dimension 5 (seed=2, Fri May 16 11:18:59 2025)
Iterat #Fevals   function value  axis ratio  sigma  min&max std  t[m:s]
    1    186 8.475057748298548e+03 1.0e+00 3.08e-01  3e-01  3e-01 0:00.0
    2    203 4.896000000000000e+02 1.6e+00 3.94e-01  3e-01  3e-01 0:00.1
    3    220 4.796000000000000e+02 2.3e+00 4.79e-01  3e-01  3e-01 0:00.1
   42    883 9.080427582260725e-02 7.7e+00 3.83e-01  4e-02  2e-01 0:03.1
   48    985 9.623376047838356e-02 7.7e+00 5.21e-01  5e-02  3e-01 0:07.5
   53   1070 8.804841772929120e-02 6.0e+00 3.18e-01  2e-02  1e-01 0:12.7
   59   1172 8.484231573947326e-02 5.8e+00 2.13e-01  7e-03  6e-02 0:19.4
   66   1291 8.387369522201268e-02 7.8e+00 1.15e-01  2e-03  3e-02 0:27.3
   74   1427 8.351225112529577e-02 1.6e+01 6.47e-02  8e-04  9e-03 0:36.2
   81   1546 8.366851267546796e-02 2.0e+01 3.73e-02  3e-04  4e-03 0:45.3
[stop]
